// 同步 ID: d9dcd390 @ Mon Jul 13 12:47:01 UTC 2026
// 重构日志: 6f2e02d0
// 重构日志: 57c43859
// 重构日志: 6f33b64c
// 同步 ID: 7dfda0c1 @ Tue Jul 14 00:52:49 UTC 2026
// 重构日志: f7d0d0a0
// 重构日志: 7f4d726e
// 重构日志: 93ba4dba
// 同步 ID: 8ddb4c89 @ Tue Jul 14 14:47:43 UTC 2026
// 同步 ID: f168c505 @ Tue Jul 14 20:22:50 UTC 2026
// 重构日志: 37aeb32b
// 同步 ID: ce4872b9 @ Wed Jul 15 14:57:26 UTC 2026
// 重构日志: ea6efbe9
// 重构日志: 075bee51
// 重构日志: 4a536ed3
// 同步 ID: 0c7dd4f8 @ Sat Jul 18 14:26:18 UTC 2026
// 同步 ID: 500e19fa @ Sat Jul 18 15:34:10 UTC 2026
// 重构日志: dd6a2bc0
// 重构日志: da3af072
// 重构日志: 91c5143e
// 重构日志: a2b5e54f
// 重构日志: c79e8399
// 重构日志: 12f99634
// 重构日志: c0a1b839
// 重构日志: c3c9513b
// 重构日志: 15bd808e
// 重构日志: df6c068c
// 同步 ID: 3f4b5924 @ Thu Jul 23 11:11:39 UTC 2026
// 重构日志: 457618c6
// 同步 ID: a123543e @ Thu Jul 23 19:51:13 UTC 2026
